c:\users\joshua\source\repos\mathlibjo\debug\vc142.pdb
c:\users\joshua\source\repos\mathlibjo\debug\vc142.idb
c:\users\joshua\source\repos\mathlibjo\debug\vec.obj
c:\users\joshua\source\repos\mathlibjo\debug\math.obj
c:\users\joshua\source\repos\mathlibjo\debug\main.obj
c:\users\joshua\source\repos\mathlibjo\debug\operation.obj
c:\users\joshua\source\repos\mathlibjo\debug\mathlibjo.tlog\cl.command.1.tlog
c:\users\joshua\source\repos\mathlibjo\debug\mathlibjo.tlog\cl.read.1.tlog
c:\users\joshua\source\repos\mathlibjo\debug\mathlibjo.tlog\cl.write.1.tlog
c:\users\joshua\source\repos\mathlibjo\debug\mathlibjo.tlog\link-cvtres.read.1.tlog
c:\users\joshua\source\repos\mathlibjo\debug\mathlibjo.tlog\link-cvtres.write.1.tlog
c:\users\joshua\source\repos\mathlibjo\debug\mathlibjo.tlog\link-rc.read.1.tlog
c:\users\joshua\source\repos\mathlibjo\debug\mathlibjo.tlog\link-rc.write.1.tlog
c:\users\joshua\source\repos\mathlibjo\debug\mathlibjo.tlog\link.4312-cvtres.read.1.tlog
c:\users\joshua\source\repos\mathlibjo\debug\mathlibjo.tlog\link.4312-cvtres.write.1.tlog
c:\users\joshua\source\repos\mathlibjo\debug\mathlibjo.tlog\link.4312-rc.read.1.tlog
c:\users\joshua\source\repos\mathlibjo\debug\mathlibjo.tlog\link.4312-rc.write.1.tlog
c:\users\joshua\source\repos\mathlibjo\debug\mathlibjo.tlog\link.4312.read.1.tlog
c:\users\joshua\source\repos\mathlibjo\debug\mathlibjo.tlog\link.4312.write.1.tlog
c:\users\joshua\source\repos\mathlibjo\debug\mathlibjo.tlog\link.command.1.tlog
c:\users\joshua\source\repos\mathlibjo\debug\mathlibjo.tlog\link.read.1.tlog
c:\users\joshua\source\repos\mathlibjo\debug\mathlibjo.tlog\link.write.1.tlog
